<?xml version="1.0" encoding="UTF-8"?>
<testsuite xmlns:xsi="http://www.w3.org/2001/XMLSchema-instance" xsi:noNamespaceSchemaLocation="https://maven.apache.org/surefire/maven-surefire-plugin/xsd/surefire-test-report.xsd" version="3.0.1" name="com.mycompany.app.AppTest" time="0.796" tests="51" errors="0" skipped="0" failures="0">
  <properties>
[...]
</properties>
  <testcase name="testMiniMaxOneMove" classname="com.mycompany.app.AppTest" time="0.054">
    <system-out><![CDATA[
minimax:   2(-100) 
minimax:   3(-100) 
minimax:   4(-100) 
minimax:   5(0) 
minimax:   6(-100) 
minimax:   7(-100) 
minimax:   8(-100) 
minimax:   9(-100) 
minimax best:   5(0) Steps counted: 31972]]></system-out>
  </testcase>
  <testcase name="testUtilityPrintArrayList" classname="com.mycompany.app.AppTest" time="0.004">
    <system-out><![CDATA[
1-3-5-
]]></system-out>
  </testcase>
  <testcase name="testCheckStateDraw" classname="com.mycompany.app.AppTest" time="0.005"/>
  <testcase name="testCheckStateOWin" classname="com.mycompany.app.AppTest" time="0.001"/>
  <testcase name="testPlayerSymbols" classname="com.mycompany.app.AppTest" time="0.001"/>
  <testcase name="testCheckStateWithoutSymbol" classname="com.mycompany.app.AppTest" time="0.001"/>
  <testcase name="testGameCreation" classname="com.mycompany.app.AppTest" time="0.001"/>
  <testcase name="testCheckStateXWinAntiDiagonal" classname="com.mycompany.app.AppTest" time="0.001"/>
  <testcase name="testCheckStatePlaying" classname="com.mycompany.app.AppTest" time="0.001"/>
  <testcase name="testCheckStateXWinVertical" classname="com.mycompany.app.AppTest" time="0.001"/>
  <testcase name="testMiniMaxWinningMoveO" classname="com.mycompany.app.AppTest" time="0.003">
    <system-out><![CDATA[
minimax:   3(100) 
minimax:   6(0) 
minimax:   7(-100) 
minimax:   8(-100) 
minimax:   9(-100) 
minimax best:   3(100) Steps counted: 83]]></system-out>
  </testcase>
  <testcase name="testMiniMaxWinningMoveX" classname="com.mycompany.app.AppTest" time="0.004">
    <system-out><![CDATA[
minimax:   3(100) 
minimax:   6(0) 
minimax:   7(-100) 
minimax:   8(-100) 
minimax:   9(-100) 
minimax best:   3(100) Steps counted: 83]]></system-out>
  </testcase>
  <testcase name="testCheckStateNullSymbol" classname="com.mycompany.app.AppTest" time="0.004"/>
  <testcase name="testEvaluatePositionDifferentPlayers" classname="com.mycompany.app.AppTest" time="0.0"/>
  <testcase name="testOWinCenterRow" classname="com.mycompany.app.AppTest" time="0.001"/>
  <testcase name="testTicTacToeCellSetMarker" classname="com.mycompany.app.AppTest" time="0.116"/>
  <testcase name="testInfConstant" classname="com.mycompany.app.AppTest" time="0.001"/>
  <testcase name="testMaxMoveNegativeInfinity" classname="com.mycompany.app.AppTest" time="0.001"/>
  <testcase name="testEvaluatePositionXWinForO" classname="com.mycompany.app.AppTest" time="0.001"/>
  <testcase name="testTicTacToeCellCreation" classname="com.mycompany.app.AppTest" time="0.002"/>
  <testcase name="testMinMovePositiveInfinity" classname="com.mycompany.app.AppTest" time="0.001"/>
  <testcase name="testCheckStateXWinHorizontal" classname="com.mycompany.app.AppTest" time="0.001"/>
  <testcase name="testBoardInitialization" classname="com.mycompany.app.AppTest" time="0.002"/>
  <testcase name="testUtilityPrintChar" classname="com.mycompany.app.AppTest" time="0.002">
    <system-out><![CDATA[
X-O- -X- -O- -X- -
]]></system-out>
  </testcase>
  <testcase name="testDeepMiniMax" classname="com.mycompany.app.AppTest" time="0.005">
    <system-out><![CDATA[
minimax:   2(0) 
minimax:   3(-100) 
minimax:   4(0) 
minimax:   6(0) 
minimax:   7(-100) 
minimax:   8(0) 
minimax best:   4(0) Steps counted: 532]]></system-out>
  </testcase>
  <testcase name="testEvaluatePositionPlaying" classname="com.mycompany.app.AppTest" time="0.001"/>
  <testcase name="testEvaluatePositionDraw" classname="com.mycompany.app.AppTest" time="0.0"/>
  <testcase name="testEvaluatePositionLoss" classname="com.mycompany.app.AppTest" time="0.0"/>
  <testcase name="testGenerateMovesAfterMoves" classname="com.mycompany.app.AppTest" time="0.001"/>
  <testcase name="testGenerateMovesFullBoard" classname="com.mycompany.app.AppTest" time="0.001"/>
  <testcase name="testAllOWinningCombinations" classname="com.mycompany.app.AppTest" time="0.001"/>
  <testcase name="testUtilityPrintInt" classname="com.mycompany.app.AppTest" time="0.001">
    <system-out><![CDATA[
1-2-3-4-5-6-7-8-9-
]]></system-out>
  </testcase>
  <testcase name="testGenerateMovesWithInvalidBoard" classname="com.mycompany.app.AppTest" time="0.003"/>
  <testcase name="testAllXWinningCombinations" classname="com.mycompany.app.AppTest" time="0.001"/>
  <testcase name="testMinMoveOWin" classname="com.mycompany.app.AppTest" time="0.003"/>
  <testcase name="testMiniMaxRandomChoice" classname="com.mycompany.app.AppTest" time="0.327">
    <system-out><![CDATA[
minimax:   1(0) 
minimax:   2(0) 
minimax:   3(0) 
minimax:   4(0) 
minimax:   5(0) 
minimax:   6(0) 
minimax:   7(0) 
minimax:   8(0) 
minimax:   9(0) 
minimax best:   6(0) Steps counted: 294777
minimax:   1(0) 
minimax:   2(0) 
minimax:   3(0) 
minimax:   4(0) 
minimax:   5(0) 
minimax:   6(0) 
minimax:   7(0) 
minimax:   8(0) 
minimax:   9(0) 
minimax best:   7(0) Steps counted: 294777
minimax:   1(0) 
minimax:   2(0) 
minimax:   3(0) 
minimax:   4(0) 
minimax:   5(0) 
minimax:   6(0) 
minimax:   7(0) 
minimax:   8(0) 
minimax:   9(0) 
minimax best:   1(0) Steps counted: 294777
minimax:   1(0) 
minimax:   2(0) 
minimax:   3(0) 
minimax:   4(0) 
minimax:   5(0) 
minimax:   6(0) 
minimax:   7(0) 
minimax:   8(0) 
minimax:   9(0) 
minimax best:   5(0) Steps counted: 294777
minimax:   1(0) 
minimax:   2(0) 
minimax:   3(0) 
minimax:   4(0) 
minimax:   5(0) 
minimax:   6(0) 
minimax:   7(0) 
minimax:   8(0) 
minimax:   9(0) 
minimax best:   6(0) Steps counted: 294777]]></system-out>
  </testcase>
  <testcase name="testCheckStateXWinDiagonal" classname="com.mycompany.app.AppTest" time="0.004"/>
  <testcase name="testEvaluatePositionWin" classname="com.mycompany.app.AppTest" time="0.002"/>
  <testcase name="testXWinCenterRow" classname="com.mycompany.app.AppTest" time="0.001"/>
  <testcase name="testEvaluatePositionOWinForX" classname="com.mycompany.app.AppTest" time="0.001"/>
  <testcase name="testSymbolUpdateInMiniMax" classname="com.mycompany.app.AppTest" time="0.041">
    <system-out><![CDATA[
minimax:   1(0) 
minimax:   2(0) 
minimax:   3(0) 
minimax:   4(0) 
minimax:   5(0) 
minimax:   6(0) 
minimax:   7(0) 
minimax:   8(0) 
minimax:   9(0) 
minimax best:   2(0) Steps counted: 294777]]></system-out>
  </testcase>
  <testcase name="testGameConstructorFields" classname="com.mycompany.app.AppTest" time="0.002"/>
  <testcase name="testMiniMaxFirstMove" classname="com.mycompany.app.AppTest" time="0.05">
    <system-out><![CDATA[
minimax:   1(0) 
minimax:   2(0) 
minimax:   3(0) 
minimax:   4(0) 
minimax:   5(0) 
minimax:   6(0) 
minimax:   7(0) 
minimax:   8(0) 
minimax:   9(0) 
minimax best:   6(0) Steps counted: 294777]]></system-out>
  </testcase>
  <testcase name="testMinMoveFinishedGame" classname="com.mycompany.app.AppTest" time="0.001"/>
  <testcase name="testMaxMoveFinishedGame" classname="com.mycompany.app.AppTest" time="0.001"/>
  <testcase name="testMaxMoveDraw" classname="com.mycompany.app.AppTest" time="0.001"/>
  <testcase name="testMaxMoveXWin" classname="com.mycompany.app.AppTest" time="0.001"/>
  <testcase name="testGenerateMovesWithOccupiedCells" classname="com.mycompany.app.AppTest" time="0.001"/>
  <testcase name="testTicTacToeCellGetters" classname="com.mycompany.app.AppTest" time="0.001"/>
  <testcase name="testGenerateMovesEmptyBoard" classname="com.mycompany.app.AppTest" time="0.001"/>
  <testcase name="testQCounterReset" classname="com.mycompany.app.AppTest" time="0.057">
    <system-out><![CDATA[
minimax:   1(0) 
minimax:   2(0) 
minimax:   3(0) 
minimax:   4(0) 
minimax:   5(0) 
minimax:   6(0) 
minimax:   7(0) 
minimax:   8(0) 
minimax:   9(0) 
minimax best:   8(0) Steps counted: 294877]]></system-out>
  </testcase>
</testsuite>