<?xml version="1.0" encoding="UTF-8"?>
<testsuite xmlns:xsi="http://www.w3.org/2001/XMLSchema-instance" xsi:noNamespaceSchemaLocation="https://maven.apache.org/surefire/maven-surefire-plugin/xsd/surefire-test-report.xsd" version="3.0.1" name="com.mycompany.app.AppTest" time="0.618" tests="46" errors="0" skipped="0" failures="0">
  <properties>
[...]
</properties>
  <testcase name="testScoreDiffPlayers" classname="com.mycompany.app.AppTest" time="0.031"/>
  <testcase name="testXWinLeftCol" classname="com.mycompany.app.AppTest" time="0.003"/>
  <testcase name="testAllOCombos" classname="com.mycompany.app.AppTest" time="0.001"/>
  <testcase name="testAiMoveOneTaken" classname="com.mycompany.app.AppTest" time="0.029">
    <system-out><![CDATA[
minimax:   2(-100) 
minimax:   3(-100) 
minimax:   4(-100) 
minimax:   5(0) 
minimax:   6(-100) 
minimax:   7(-100) 
minimax:   8(-100) 
minimax:   9(-100) 
minimax best:   5(0) Steps counted: 31972]]></system-out>
  </testcase>
  <testcase name="testScoreDraw" classname="com.mycompany.app.AppTest" time="0.001"/>
  <testcase name="testScoreLose" classname="com.mycompany.app.AppTest" time="0.001"/>
  <testcase name="testXWinTopRow" classname="com.mycompany.app.AppTest" time="0.0"/>
  <testcase name="testPlayerSymbols" classname="com.mycompany.app.AppTest" time="0.001"/>
  <testcase name="testRandomEqual" classname="com.mycompany.app.AppTest" time="0.322">
    <system-out><![CDATA[
minimax:   1(0) 
minimax:   2(0) 
minimax:   3(0) 
minimax:   4(0) 
minimax:   5(0) 
minimax:   6(0) 
minimax:   7(0) 
minimax:   8(0) 
minimax:   9(0) 
minimax best:   2(0) Steps counted: 294777
minimax:   1(0) 
minimax:   2(0) 
minimax:   3(0) 
minimax:   4(0) 
minimax:   5(0) 
minimax:   6(0) 
minimax:   7(0) 
minimax:   8(0) 
minimax:   9(0) 
minimax best:   6(0) Steps counted: 294777
minimax:   1(0) 
minimax:   2(0) 
minimax:   3(0) 
minimax:   4(0) 
minimax:   5(0) 
minimax:   6(0) 
minimax:   7(0) 
minimax:   8(0) 
minimax:   9(0) 
minimax best:   2(0) Steps counted: 294777
minimax:   1(0) 
minimax:   2(0) 
minimax:   3(0) 
minimax:   4(0) 
minimax:   5(0) 
minimax:   6(0) 
minimax:   7(0) 
minimax:   8(0) 
minimax:   9(0) 
minimax best:   8(0) Steps counted: 294777
minimax:   1(0) 
minimax:   2(0) 
minimax:   3(0) 
minimax:   4(0) 
minimax:   5(0) 
minimax:   6(0) 
minimax:   7(0) 
minimax:   8(0) 
minimax:   9(0) 
minimax best:   1(0) Steps counted: 294777]]></system-out>
  </testcase>
  <testcase name="testPrintChar" classname="com.mycompany.app.AppTest" time="0.013">
    <system-out><![CDATA[
X-O- -X- -O- -X- -
]]></system-out>
  </testcase>
  <testcase name="testPrintList" classname="com.mycompany.app.AppTest" time="0.002">
    <system-out><![CDATA[
1-3-5-
]]></system-out>
  </testcase>
  <testcase name="testMaxMoveNegInf" classname="com.mycompany.app.AppTest" time="0.001"/>
  <testcase name="testBoardInit" classname="com.mycompany.app.AppTest" time="0.002"/>
  <testcase name="testScoreXWinForO" classname="com.mycompany.app.AppTest" time="0.002"/>
  <testcase name="testPrintInt" classname="com.mycompany.app.AppTest" time="0.002">
    <system-out><![CDATA[
1-2-3-4-5-6-7-8-9-
]]></system-out>
  </testcase>
  <testcase name="testAiFirstMove" classname="com.mycompany.app.AppTest" time="0.036">
    <system-out><![CDATA[
minimax:   1(0) 
minimax:   2(0) 
minimax:   3(0) 
minimax:   4(0) 
minimax:   5(0) 
minimax:   6(0) 
minimax:   7(0) 
minimax:   8(0) 
minimax:   9(0) 
minimax best:   5(0) Steps counted: 294777]]></system-out>
  </testcase>
  <testcase name="testDeepMinimax" classname="com.mycompany.app.AppTest" time="0.003">
    <system-out><![CDATA[
minimax:   2(0) 
minimax:   3(-100) 
minimax:   4(0) 
minimax:   6(0) 
minimax:   7(-100) 
minimax:   8(0) 
minimax best:   2(0) Steps counted: 532]]></system-out>
  </testcase>
  <testcase name="testDrawFull" classname="com.mycompany.app.AppTest" time="0.002"/>
  <testcase name="testStillPlaying" classname="com.mycompany.app.AppTest" time="0.002"/>
  <testcase name="testMovesAfterSome" classname="com.mycompany.app.AppTest" time="0.002"/>
  <testcase name="testAiPickWinO" classname="com.mycompany.app.AppTest" time="0.001">
    <system-out><![CDATA[
minimax:   3(100) 
minimax:   6(0) 
minimax:   7(-100) 
minimax:   8(-100) 
minimax:   9(-100) 
minimax best:   3(100) Steps counted: 83]]></system-out>
  </testcase>
  <testcase name="testAiPickWinX" classname="com.mycompany.app.AppTest" time="0.002">
    <system-out><![CDATA[
minimax:   3(100) 
minimax:   6(0) 
minimax:   7(-100) 
minimax:   8(-100) 
minimax:   9(-100) 
minimax best:   3(100) Steps counted: 83]]></system-out>
  </testcase>
  <testcase name="testScoreWin" classname="com.mycompany.app.AppTest" time="0.003"/>
  <testcase name="testOWinTopRow" classname="com.mycompany.app.AppTest" time="0.001"/>
  <testcase name="testOWinMiddleRow" classname="com.mycompany.app.AppTest" time="0.001"/>
  <testcase name="testMinMoveDone" classname="com.mycompany.app.AppTest" time="0.001"/>
  <testcase name="testMinMoveOWin" classname="com.mycompany.app.AppTest" time="0.002"/>
  <testcase name="testMovesOccupied" classname="com.mycompany.app.AppTest" time="0.001"/>
  <testcase name="testScoreOWinForX" classname="com.mycompany.app.AppTest" time="0.001"/>
  <testcase name="testAllMovesEmpty" classname="com.mycompany.app.AppTest" time="0.0"/>
  <testcase name="testCheckStateNoSym" classname="com.mycompany.app.AppTest" time="0.001"/>
  <testcase name="testInfConst" classname="com.mycompany.app.AppTest" time="0.001"/>
  <testcase name="testMinMovePosInf" classname="com.mycompany.app.AppTest" time="0.001"/>
  <testcase name="testCheckStateEmptySym" classname="com.mycompany.app.AppTest" time="0.002"/>
  <testcase name="testMaxMoveDone" classname="com.mycompany.app.AppTest" time="0.001"/>
  <testcase name="testMaxMoveDraw" classname="com.mycompany.app.AppTest" time="0.001"/>
  <testcase name="testMaxMoveXWin" classname="com.mycompany.app.AppTest" time="0.002"/>
  <testcase name="testXWinSecondDiag" classname="com.mycompany.app.AppTest" time="0.0"/>
  <testcase name="testNewGame" classname="com.mycompany.app.AppTest" time="0.0"/>
  <testcase name="testScoreNotFinished" classname="com.mycompany.app.AppTest" time="0.0"/>
  <testcase name="testXWinMainDiag" classname="com.mycompany.app.AppTest" time="0.0"/>
  <testcase name="testQReset" classname="com.mycompany.app.AppTest" time="0.067">
    <system-out><![CDATA[
minimax:   1(0) 
minimax:   2(0) 
minimax:   3(0) 
minimax:   4(0) 
minimax:   5(0) 
minimax:   6(0) 
minimax:   7(0) 
minimax:   8(0) 
minimax:   9(0) 
minimax best:   4(0) Steps counted: 294877]]></system-out>
  </testcase>
  <testcase name="testNullBoard" classname="com.mycompany.app.AppTest" time="0.002"/>
  <testcase name="testAllXCombos" classname="com.mycompany.app.AppTest" time="0.0"/>
  <testcase name="testXWinMiddleRow" classname="com.mycompany.app.AppTest" time="0.001"/>
  <testcase name="testNoMovesFull" classname="com.mycompany.app.AppTest" time="0.001"/>
</testsuite>